0 info it worked if it ends with ok
1 verbose cli [ 'node',
1 verbose cli   '/usr/local/bin/npm',
1 verbose cli   'install',
1 verbose cli   'child_process',
1 verbose cli   '--save' ]
2 info using npm@1.4.9
3 info using node@v0.10.28
4 verbose readDependencies using package.json deps
5 verbose cache add [ 'child_process', null ]
6 verbose cache add name=undefined spec="child_process" args=["child_process",null]
7 verbose parsed url { protocol: null,
7 verbose parsed url   slashes: null,
7 verbose parsed url   auth: null,
7 verbose parsed url   host: null,
7 verbose parsed url   port: null,
7 verbose parsed url   hostname: null,
7 verbose parsed url   hash: null,
7 verbose parsed url   search: null,
7 verbose parsed url   query: null,
7 verbose parsed url   pathname: 'child_process',
7 verbose parsed url   path: 'child_process',
7 verbose parsed url   href: 'child_process' }
8 silly lockFile 4845fa97-child-process child_process
9 verbose lock child_process /Users/summermcdonald/.npm/4845fa97-child-process.lock
10 silly lockFile 4845fa97-child-process child_process
11 silly lockFile 4845fa97-child-process child_process
12 verbose addNamed [ 'child_process', '' ]
13 verbose addNamed [ null, '*' ]
14 silly lockFile 512a7ef6-child-process child_process@
15 verbose lock child_process@ /Users/summermcdonald/.npm/512a7ef6-child-process.lock
16 silly addNameRange { name: 'child_process', range: '*', hasData: false }
17 verbose url raw child_process
18 verbose url resolving [ 'https://registry.npmjs.org/', './child_process' ]
19 verbose url resolved https://registry.npmjs.org/child_process
20 info trying registry request attempt 1 at 19:47:46
21 http GET https://registry.npmjs.org/child_process
22 http 404 https://registry.npmjs.org/child_process
23 verbose headers { date: 'Tue, 14 Oct 2014 23:47:47 GMT',
23 verbose headers   server: 'CouchDB/1.5.0 (Erlang OTP/R16B03)',
23 verbose headers   'content-type': 'application/json',
23 verbose headers   'cache-control': 'max-age=0',
23 verbose headers   'content-length': '52',
23 verbose headers   'accept-ranges': 'bytes',
23 verbose headers   via: '1.1 varnish',
23 verbose headers   age: '0',
23 verbose headers   'x-served-by': 'cache-jfk1031-JFK',
23 verbose headers   'x-cache': 'MISS',
23 verbose headers   'x-cache-hits': '0',
23 verbose headers   'x-timer': 'S1413330467.061829,VS0,VE75',
23 verbose headers   'keep-alive': 'timeout=10, max=50',
23 verbose headers   connection: 'Keep-Alive' }
24 silly registry.get cb [ 404,
24 silly registry.get   { date: 'Tue, 14 Oct 2014 23:47:47 GMT',
24 silly registry.get     server: 'CouchDB/1.5.0 (Erlang OTP/R16B03)',
24 silly registry.get     'content-type': 'application/json',
24 silly registry.get     'cache-control': 'max-age=0',
24 silly registry.get     'content-length': '52',
24 silly registry.get     'accept-ranges': 'bytes',
24 silly registry.get     via: '1.1 varnish',
24 silly registry.get     age: '0',
24 silly registry.get     'x-served-by': 'cache-jfk1031-JFK',
24 silly registry.get     'x-cache': 'MISS',
24 silly registry.get     'x-cache-hits': '0',
24 silly registry.get     'x-timer': 'S1413330467.061829,VS0,VE75',
24 silly registry.get     'keep-alive': 'timeout=10, max=50',
24 silly registry.get     connection: 'Keep-Alive' } ]
25 silly lockFile 512a7ef6-child-process child_process@
26 silly lockFile 512a7ef6-child-process child_process@
27 error 404 404 Not Found: child_process
27 error 404
27 error 404 'child_process' is not in the npm registry.
27 error 404 You should bug the author to publish it
27 error 404 It was specified as a dependency of 'company-culture'
27 error 404
27 error 404 Note that you can also install from a
27 error 404 tarball, folder, or http url, or git url.
28 error System Darwin 13.4.0
29 error command "node" "/usr/local/bin/npm" "install" "child_process" "--save"
30 error cwd /Users/summermcdonald/Desktop/Project/Fullstack Academy/companyCulture
31 error node -v v0.10.28
32 error npm -v 1.4.9
33 error code E404
34 verbose exit [ 1, true ]
